SF:lib\domain\entities\admin_stats.dart
DA:48,3
DA:64,0
DA:65,0
DA:67,1
LF:4
LH:2
end_of_record
SF:lib\domain\usecases\get_admin_stats_usecase.dart
DA:11,1
DA:13,3
LF:2
LH:2
end_of_record
SF:lib\domain\entities\activity_log_entry.dart
DA:4,0
DA:6,0
DA:8,0
DA:10,0
DA:12,0
DA:14,0
DA:26,0
LF:7
LH:0
end_of_record
SF:lib\domain\entities\analytics_summary.dart
DA:52,3
DA:64,1
DA:78,0
DA:80,0
LF:4
LH:2
end_of_record
SF:lib\domain\entities\app_user.dart
DA:10,0
DA:16,0
DA:19,0
DA:21,0
DA:22,0
DA:24,0
DA:25,0
LF:7
LH:0
end_of_record
SF:lib\domain\entities\budget_tier.dart
DA:10,0
DA:12,0
DA:14,0
DA:16,0
DA:23,0
DA:25,0
DA:27,0
DA:29,0
DA:34,0
DA:35,0
DA:36,0
DA:37,0
LF:12
LH:0
end_of_record
SF:lib\domain\entities\household.dart
DA:31,4
DA:43,0
DA:45,3
DA:47,0
DA:49,0
DA:59,0
DA:60,0
DA:61,0
DA:62,0
DA:63,0
DA:64,0
DA:65,0
DA:66,0
DA:67,0
DA:71,0
DA:74,0
DA:75,0
DA:76,0
DA:78,0
DA:79,0
DA:81,0
DA:83,0
LF:22
LH:2
end_of_record
SF:lib\domain\entities\product.dart
DA:49,10
DA:65,0
DA:69,0
DA:70,0
DA:79,0
DA:83,0
DA:88,20
DA:96,1
DA:111,1
DA:112,1
DA:113,1
DA:114,1
DA:115,0
DA:116,1
DA:117,1
DA:118,1
DA:119,1
DA:120,1
DA:121,1
DA:122,1
DA:123,1
DA:129,1
DA:130,1
DA:131,1
DA:132,1
DA:133,1
DA:134,2
DA:135,1
DA:136,1
DA:137,1
DA:138,1
DA:139,1
DA:140,2
DA:141,1
DA:142,2
DA:143,1
DA:147,1
DA:150,7
DA:152,0
DA:153,0
DA:155,0
DA:156,0
DA:157,0
DA:158,0
LF:44
LH:32
end_of_record
SF:lib\domain\entities\product_history_entry.dart
DA:27,2
DA:40,0
DA:42,0
DA:43,0
DA:44,0
DA:45,0
DA:46,0
DA:47,0
DA:48,0
DA:49,0
DA:50,0
DA:51,0
LF:12
LH:1
end_of_record
SF:lib\domain\entities\recipe.dart
DA:30,2
DA:44,2
DA:45,2
DA:46,10
DA:47,2
DA:50,1
DA:51,2
DA:59,2
DA:60,4
DA:61,10
DA:62,6
DA:65,0
DA:68,0
DA:70,0
DA:71,0
DA:73,0
DA:74,0
LF:17
LH:11
end_of_record
SF:lib\domain\entities\shopping_item.dart
DA:29,5
DA:38,0
DA:40,0
LF:3
LH:1
end_of_record
SF:lib\domain\repositories\i_household_repository.dart
DA:15,3
DA:17,1
DA:18,1
LF:3
LH:3
end_of_record
SF:lib\domain\entities\nutrition_group.dart
DA:14,0
DA:16,0
DA:18,0
DA:20,0
DA:22,0
DA:31,0
DA:33,0
DA:35,0
DA:37,0
DA:43,0
DA:53,0
DA:55,0
DA:77,0
DA:96,0
DA:115,0
LF:15
LH:0
end_of_record
SF:lib\domain\entities\food_category.dart
DA:29,1
DA:31,1
DA:33,1
DA:35,1
DA:37,1
DA:39,1
DA:41,1
DA:43,1
DA:45,1
DA:47,1
DA:49,1
DA:51,0
DA:53,0
DA:62,0
DA:63,0
DA:69,2
DA:70,2
DA:71,2
DA:72,6
DA:73,0
LF:20
LH:15
end_of_record
SF:lib\domain\usecases\shopping\generate_shopping_list_usecase.dart
DA:10,3
DA:14,1
DA:20,5
DA:21,4
DA:23,1
DA:24,3
DA:25,4
DA:28,1
DA:29,2
DA:34,1
DA:35,1
DA:36,2
DA:39,3
DA:41,3
DA:42,1
DA:49,1
DA:50,1
DA:51,1
DA:52,1
DA:53,1
DA:54,2
DA:55,1
DA:56,1
DA:58,4
DA:59,1
LF:25
LH:25
end_of_record
SF:lib\presentation\providers\recipe_provider.dart
DA:27,2
DA:36,3
DA:37,2
DA:38,0
DA:40,2
DA:41,2
DA:43,2
DA:44,2
DA:45,2
DA:46,2
DA:49,6
DA:50,2
DA:52,0
DA:53,0
DA:55,2
DA:56,2
DA:62,2
DA:63,10
DA:65,2
DA:69,4
DA:72,1
DA:73,2
DA:80,2
DA:81,2
DA:82,4
DA:83,2
DA:84,4
DA:93,2
DA:94,4
DA:95,2
DA:96,2
DA:97,6
DA:98,4
DA:104,0
DA:105,0
DA:106,0
DA:115,0
DA:116,0
DA:117,0
DA:118,0
DA:119,0
DA:120,0
DA:124,0
DA:125,0
DA:126,0
DA:129,0
DA:130,0
DA:133,0
DA:134,0
DA:137,0
DA:138,0
LF:51
LH:30
end_of_record
SF:lib\domain\entities\recipe_ingredient.dart
DA:10,2
DA:16,0
DA:19,0
DA:20,0
DA:21,0
DA:22,0
DA:23,0
DA:25,0
DA:26,0
DA:28,0
DA:29,0
LF:11
LH:1
end_of_record
SF:lib\presentation\utils\quota_service.dart
DA:13,0
DA:14,0
DA:21,0
DA:22,0
DA:23,0
DA:24,0
DA:26,0
DA:27,0
DA:28,0
DA:29,0
DA:30,0
DA:34,0
DA:36,0
DA:37,0
DA:43,0
DA:45,0
DA:46,0
DA:47,0
DA:48,0
DA:49,0
DA:50,0
DA:55,0
DA:57,0
DA:58,0
LF:24
LH:0
end_of_record
SF:lib\presentation\providers\shopping_provider.dart
DA:33,1
DA:60,0
DA:61,3
DA:62,0
DA:63,0
DA:64,0
DA:65,0
DA:66,3
DA:70,0
DA:71,0
DA:72,0
DA:76,0
DA:77,0
DA:78,0
DA:82,1
DA:83,4
DA:84,1
DA:85,1
DA:88,1
DA:89,1
DA:90,1
DA:91,1
DA:94,4
DA:95,1
DA:107,6
DA:108,2
DA:109,0
DA:112,0
DA:113,0
DA:115,1
DA:116,1
DA:126,0
DA:127,0
DA:128,0
DA:129,0
DA:131,0
DA:141,0
DA:142,0
DA:144,0
DA:145,0
DA:153,0
DA:154,0
DA:155,0
DA:158,0
DA:161,0
DA:162,0
DA:163,0
DA:164,0
DA:168,0
DA:181,1
DA:182,2
DA:183,1
DA:186,5
DA:189,2
DA:190,3
DA:191,2
DA:195,1
DA:201,0
DA:202,0
DA:203,0
DA:208,0
DA:212,0
DA:213,0
DA:217,0
DA:218,0
LF:65
LH:25
end_of_record
SF:lib\presentation\screens\detalle_receta_screen.dart
DA:26,0
DA:32,0
DA:33,0
DA:44,0
DA:45,0
DA:46,0
DA:47,0
DA:48,0
DA:53,0
DA:54,0
DA:55,0
DA:56,0
DA:57,0
DA:58,0
DA:59,0
DA:60,0
DA:65,0
DA:66,0
DA:67,0
DA:68,0
DA:69,0
DA:70,0
DA:71,0
DA:77,0
DA:79,0
DA:80,0
DA:81,0
DA:82,0
DA:84,0
DA:85,0
DA:86,0
DA:92,0
DA:93,0
DA:94,0
DA:95,0
DA:96,0
DA:97,0
DA:98,0
DA:99,0
DA:110,0
DA:115,0
DA:117,0
DA:118,0
DA:121,0
DA:123,0
DA:126,0
DA:128,0
DA:129,0
DA:139,0
DA:141,0
DA:143,0
DA:144,0
DA:146,0
DA:147,0
DA:148,0
DA:156,0
DA:157,0
DA:158,0
DA:166,0
DA:168,0
DA:169,0
DA:172,0
DA:174,0
DA:179,0
DA:183,0
DA:187,0
DA:188,0
DA:189,0
DA:191,0
DA:193,0
DA:194,0
DA:195,0
DA:196,0
DA:197,0
DA:203,0
DA:204,0
DA:206,0
DA:208,0
DA:209,0
DA:210,0
DA:211,0
DA:213,0
DA:215,0
DA:216,0
DA:217,0
DA:218,0
DA:219,0
DA:220,0
DA:221,0
DA:226,0
DA:228,0
DA:229,0
DA:231,0
DA:233,0
DA:234,0
DA:236,0
DA:237,0
DA:238,0
DA:243,0
DA:244,0
DA:261,0
DA:266,0
DA:267,0
DA:269,0
DA:270,0
DA:272,0
DA:274,0
LF:107
LH:0
end_of_record
SF:lib\config\theme\app_spacing.dart
DA:9,0
LF:1
LH:0
end_of_record
SF:lib\presentation\widgets\common\glass_card.dart
DA:14,1
DA:27,1
DA:29,3
DA:30,2
DA:34,1
DA:35,2
DA:36,2
DA:38,1
DA:40,1
DA:41,3
DA:42,1
DA:43,1
DA:44,1
DA:47,1
DA:49,1
LF:15
LH:15
end_of_record
SF:lib\presentation\widgets\common\primary_button.dart
DA:21,1
DA:44,1
DA:46,2
DA:48,1
DA:49,1
DA:50,1
DA:51,1
DA:52,1
DA:53,1
DA:54,3
DA:58,2
DA:59,1
DA:64,1
DA:76,1
DA:78,1
DA:79,0
DA:82,0
DA:85,1
DA:86,0
DA:88,1
DA:90,1
DA:91,1
DA:92,2
DA:93,1
DA:100,1
DA:101,2
LF:26
LH:23
end_of_record
SF:lib\presentation\screens\recetas_screen.dart
DA:31,3
DA:33,1
DA:34,1
DA:38,1
DA:40,1
DA:41,3
DA:42,3
DA:46,0
DA:50,0
DA:51,0
DA:52,0
DA:55,0
DA:56,0
DA:57,0
DA:58,0
DA:59,0
DA:60,0
DA:61,0
DA:62,0
DA:71,1
DA:73,1
DA:74,2
DA:75,1
DA:76,1
DA:77,1
DA:79,1
DA:80,1
DA:81,1
DA:83,1
DA:84,1
DA:85,1
DA:91,1
DA:93,1
DA:94,1
DA:95,1
DA:101,1
DA:107,2
DA:108,1
DA:109,2
DA:110,2
DA:111,1
DA:113,1
DA:120,1
DA:121,1
DA:122,0
DA:123,1
DA:124,1
DA:125,1
DA:126,2
DA:127,1
DA:128,1
DA:129,1
DA:130,1
DA:138,1
DA:139,1
DA:141,1
DA:142,1
DA:143,1
DA:144,3
DA:148,1
DA:149,1
DA:150,1
DA:156,1
DA:157,2
DA:158,1
DA:160,1
DA:164,1
DA:170,1
DA:171,2
DA:172,1
DA:174,1
DA:184,1
DA:190,1
DA:202,1
DA:207,2
DA:208,1
DA:215,1
DA:217,1
DA:218,1
DA:219,1
DA:221,1
DA:224,3
DA:227,1
DA:231,2
DA:233,1
DA:235,0
DA:236,0
DA:238,0
DA:241,1
DA:242,1
DA:244,1
DA:249,1
DA:250,0
DA:258,1
DA:263,1
DA:264,1
DA:266,1
DA:268,1
DA:270,1
DA:271,1
DA:277,1
DA:280,3
DA:283,1
DA:285,1
DA:290,1
DA:291,0
LF:106
LH:88
end_of_record
SF:lib\domain\entities\product_freshness.dart
DA:15,0
DA:16,0
DA:17,0
LF:3
LH:0
end_of_record
SF:lib\routes.dart
DA:8,0
LF:1
LH:0
end_of_record
SF:lib\presentation\providers\product_provider.dart
DA:88,4
DA:107,6
DA:108,6
DA:109,2
DA:110,0
DA:114,2
DA:118,2
DA:119,8
DA:121,6
DA:123,1
DA:124,1
DA:125,2
DA:126,5
DA:133,2
DA:134,8
DA:138,3
DA:139,6
DA:140,3
DA:141,7
DA:142,3
DA:145,0
DA:146,0
DA:150,3
DA:151,3
DA:153,12
DA:154,3
DA:159,6
DA:160,3
DA:161,3
DA:162,3
DA:164,1
DA:165,2
DA:166,1
DA:167,1
DA:175,1
DA:183,0
DA:184,0
DA:186,0
DA:192,0
DA:193,0
DA:194,0
DA:199,0
DA:200,0
DA:203,0
DA:204,0
DA:205,0
DA:207,0
DA:215,0
DA:222,0
DA:223,0
DA:224,0
DA:232,0
DA:237,0
DA:239,0
DA:245,0
DA:259,0
DA:263,0
DA:265,0
DA:270,0
DA:272,0
DA:273,0
DA:274,0
DA:275,0
DA:279,0
DA:288,0
DA:289,0
DA:292,0
DA:296,0
DA:298,0
DA:303,3
DA:305,9
DA:306,3
LF:72
LH:35
end_of_record
SF:lib\presentation\widgets\common\custom_card.dart
DA:12,2
DA:31,2
DA:36,2
DA:37,2
DA:38,2
DA:39,2
DA:40,2
DA:41,2
DA:42,2
DA:45,2
DA:46,2
DA:47,6
LF:12
LH:12
end_of_record
SF:lib\presentation\widgets\common\pressable_scale.dart
DA:18,2
DA:34,2
DA:35,2
DA:41,0
DA:42,0
DA:43,0
DA:44,0
DA:47,2
DA:49,2
DA:50,0
DA:51,0
DA:52,0
DA:53,4
DA:54,4
DA:55,2
DA:57,4
LF:16
LH:9
end_of_record
SF:lib\presentation\widgets\common\skeleton_loader.dart
DA:19,4
DA:33,1
DA:34,1
DA:39,2
DA:42,1
DA:44,1
DA:46,2
DA:47,1
DA:50,1
DA:52,3
DA:53,2
DA:54,1
DA:55,2
DA:57,1
DA:58,1
DA:59,1
DA:62,3
DA:63,2
DA:65,1
DA:66,2
DA:67,2
DA:68,1
DA:69,3
DA:70,1
DA:71,2
DA:72,2
DA:73,1
DA:93,3
DA:106,1
DA:108,1
DA:109,1
DA:110,1
DA:111,1
DA:112,3
DA:113,1
DA:114,1
DA:115,3
DA:117,1
DA:118,1
DA:120,1
DA:121,1
DA:122,2
DA:123,1
DA:130,1
DA:131,1
DA:133,1
DA:136,1
LF:47
LH:47
end_of_record
SF:lib\presentation\widgets\common\status_badge.dart
DA:9,1
DA:16,1
DA:18,2
DA:19,4
DA:20,1
DA:21,1
DA:22,1
DA:23,1
DA:27,1
DA:28,1
DA:29,1
DA:33,0
DA:34,0
DA:35,0
DA:41,1
DA:46,1
DA:48,1
DA:50,1
DA:52,1
DA:53,1
DA:59,1
DA:60,1
DA:61,1
DA:64,1
LF:24
LH:21
end_of_record
SF:lib\config\theme\theme_provider.dart
DA:13,0
DA:15,0
DA:16,0
DA:19,0
DA:20,0
DA:21,0
DA:22,0
DA:23,0
DA:24,0
DA:27,0
DA:28,0
DA:29,0
DA:30,0
DA:31,0
DA:32,0
DA:34,0
DA:35,0
DA:36,0
LF:18
LH:0
end_of_record
SF:lib\core\errors\auth_exceptions.dart
DA:12,0
DA:13,0
DA:18,0
DA:19,0
DA:24,0
DA:25,0
DA:30,0
DA:36,0
DA:37,0
DA:44,0
LF:10
LH:0
end_of_record
SF:lib\core\errors\domain_exception.dart
DA:8,3
DA:10,0
DA:11,0
DA:16,3
LF:4
LH:2
end_of_record
SF:lib\domain\entities\chat_message.dart
DA:7,3
LF:1
LH:1
end_of_record
SF:lib\domain\entities\product_recognition_result.dart
DA:11,0
LF:1
LH:0
end_of_record
SF:lib\domain\usecases\get_analytics_usecase.dart
DA:11,1
DA:13,1
DA:14,2
LF:3
LH:3
end_of_record
SF:lib\presentation\providers\admin_provider.dart
DA:14,0
DA:20,0
DA:21,0
DA:22,0
DA:24,0
DA:25,0
DA:26,0
DA:27,0
DA:30,0
DA:31,0
DA:33,0
DA:34,0
DA:36,0
DA:37,0
LF:14
LH:0
end_of_record
SF:lib\presentation\providers\analytics_provider.dart
DA:17,0
DA:24,0
DA:25,0
DA:26,0
DA:31,0
DA:32,0
DA:33,0
DA:36,0
DA:37,0
DA:38,0
DA:42,0
DA:45,0
DA:46,0
DA:49,0
DA:50,0
DA:51,0
DA:54,0
DA:55,0
DA:57,0
DA:58,0
DA:60,0
DA:61,0
LF:22
LH:0
end_of_record
SF:lib\presentation\providers\assistant_provider.dart
DA:31,0
DA:38,0
DA:49,0
DA:50,0
DA:51,0
DA:53,0
DA:54,0
DA:55,0
DA:57,0
DA:58,0
DA:59,0
DA:60,0
DA:63,0
DA:64,0
DA:65,0
DA:67,0
DA:68,0
DA:69,0
DA:70,0
DA:73,0
DA:75,0
DA:77,0
DA:80,0
DA:82,0
DA:83,0
DA:90,0
DA:91,0
DA:95,0
DA:96,0
DA:97,0
DA:98,0
DA:100,0
DA:101,0
DA:102,0
DA:103,0
DA:104,0
DA:114,0
DA:115,0
DA:116,0
DA:117,0
DA:119,0
DA:123,0
DA:124,0
DA:126,0
DA:127,0
DA:128,0
DA:133,0
DA:134,0
DA:135,0
DA:136,0
DA:137,0
DA:140,0
DA:141,0
DA:142,0
DA:143,0
DA:144,0
DA:147,0
DA:149,0
DA:150,0
LF:59
LH:0
end_of_record
SF:lib\presentation\utils\analytics_service.dart
DA:27,0
DA:28,0
DA:32,0
DA:34,0
DA:36,0
DA:42,0
DA:44,0
DA:47,0
DA:48,0
DA:50,0
DA:51,0
DA:53,0
DA:54,0
LF:13
LH:0
end_of_record
SF:lib\presentation\providers\auth_provider.dart
DA:14,1
DA:17,0
DA:21,0
DA:23,3
DA:25,1
DA:26,1
DA:27,1
DA:29,1
DA:31,1
DA:32,1
DA:36,1
DA:37,4
DA:40,0
DA:41,0
DA:44,1
DA:45,4
DA:48,1
DA:49,4
DA:52,0
DA:53,0
DA:56,0
DA:57,0
LF:22
LH:14
end_of_record
SF:lib\presentation\screens\about_screen.dart
DA:4,3
DA:6,0
DA:8,0
DA:9,0
DA:12,0
DA:14,0
DA:16,0
DA:17,0
DA:18,0
LF:9
LH:1
end_of_record
SF:lib\presentation\screens\add_product_screen.dart
DA:38,0
DA:46,0
DA:47,0
DA:71,0
DA:73,0
DA:74,0
DA:76,0
DA:77,0
DA:78,0
DA:79,0
DA:82,0
DA:83,0
DA:84,0
DA:85,0
DA:86,0
DA:89,0
DA:90,0
DA:91,0
DA:96,0
DA:97,0
DA:99,0
DA:101,0
DA:103,0
DA:104,0
DA:106,0
DA:108,0
DA:111,0
DA:114,0
DA:115,0
DA:116,0
DA:117,0
DA:118,0
DA:123,0
DA:125,0
DA:126,0
DA:127,0
DA:128,0
DA:131,0
DA:132,0
DA:133,0
DA:134,0
DA:142,0
DA:143,0
DA:144,0
DA:146,0
DA:147,0
DA:149,0
DA:150,0
DA:152,0
DA:153,0
DA:155,0
DA:162,0
DA:163,0
DA:164,0
DA:167,0
DA:168,0
DA:175,0
DA:179,0
DA:181,0
DA:186,0
DA:187,0
DA:188,0
DA:189,0
DA:190,0
DA:192,0
DA:193,0
DA:196,0
DA:197,0
DA:200,0
DA:201,0
DA:203,0
DA:204,0
DA:206,0
DA:207,0
DA:208,0
DA:217,0
DA:218,0
DA:222,0
DA:223,0
DA:226,0
DA:228,0
DA:229,0
DA:230,0
DA:231,0
DA:233,0
DA:234,0
DA:235,0
DA:236,0
DA:237,0
DA:238,0
DA:240,0
DA:242,0
DA:243,0
DA:244,0
DA:249,0
DA:253,0
DA:254,0
DA:255,0
DA:257,0
DA:258,0
DA:260,0
DA:261,0
DA:262,0
DA:266,0
DA:267,0
DA:268,0
DA:269,0
DA:272,0
DA:273,0
DA:274,0
DA:285,0
DA:287,0
DA:288,0
DA:289,0
DA:290,0
DA:291,0
DA:297,0
DA:298,0
DA:301,0
DA:302,0
DA:303,0
DA:307,0
DA:308,0
DA:309,0
DA:318,0
DA:322,0
DA:323,0
DA:324,0
DA:325,0
DA:326,0
DA:327,0
DA:328,0
DA:329,0
DA:330,0
DA:331,0
DA:332,0
DA:335,0
DA:336,0
DA:341,0
DA:343,0
DA:344,0
DA:346,0
DA:353,0
DA:354,0
DA:355,0
DA:357,0
DA:360,0
DA:361,0
DA:362,0
DA:363,0
DA:364,0
DA:367,0
DA:368,0
DA:369,0
DA:370,0
DA:371,0
DA:373,0
DA:374,0
DA:375,0
DA:376,0
DA:377,0
DA:378,0
DA:379,0
DA:381,0
DA:384,0
DA:387,0
DA:389,0
DA:390,0
DA:392,0
DA:393,0
DA:394,0
DA:395,0
DA:396,0
DA:398,0
DA:399,0
DA:401,0
DA:402,0
DA:403,0
DA:407,0
DA:408,0
DA:409,0
DA:410,0
DA:413,0
DA:425,0
DA:427,0
DA:428,0
DA:429,0
DA:430,0
DA:431,0
DA:434,0
DA:436,0
DA:438,0
DA:442,0
DA:443,0
DA:446,0
DA:447,0
DA:448,0
DA:450,0
DA:452,0
DA:453,0
DA:455,0
DA:458,0
DA:462,0
DA:466,0
DA:468,0
DA:472,0
DA:473,0
DA:474,0
DA:481,0
DA:482,0
DA:492,0
DA:496,0
DA:497,0
DA:498,0
DA:499,0
DA:500,0
DA:501,0
DA:503,0
DA:509,0
DA:510,0
DA:514,0
DA:515,0
DA:516,0
DA:517,0
DA:518,0
DA:519,0
DA:521,0
DA:526,0
DA:527,0
DA:529,0
DA:530,0
DA:531,0
DA:533,0
DA:536,0
DA:537,0
DA:538,0
DA:543,0
DA:545,0
DA:549,0
DA:550,0
DA:553,0
DA:554,0
DA:555,0
DA:557,0
DA:558,0
DA:560,0
DA:562,0
DA:563,0
DA:564,0
DA:566,0
DA:567,0
DA:568,0
DA:569,0
DA:574,0
DA:579,0
DA:580,0
DA:582,0
DA:588,0
DA:590,0
DA:594,0
DA:595,0
DA:597,0
DA:599,0
DA:602,0
DA:603,0
DA:604,0
DA:606,0
DA:612,0
DA:614,0
DA:618,0
DA:620,0
DA:622,0
DA:623,0
DA:624,0
DA:626,0
DA:628,0
DA:629,0
DA:631,0
DA:632,0
DA:634,0
DA:643,0
DA:645,0
DA:647,0
DA:651,0
DA:652,0
DA:653,0
DA:654,0
DA:656,0
DA:657,0
DA:661,0
DA:664,0
DA:669,0
DA:670,0
DA:671,0
DA:674,0
DA:675,0
DA:676,0
DA:677,0
DA:679,0
DA:680,0
DA:683,0
DA:684,0
DA:685,0
DA:688,0
DA:690,0
DA:691,0
DA:692,0
DA:694,0
DA:699,0
DA:700,0
DA:701,0
DA:704,0
DA:717,0
DA:718,0
DA:722,0
DA:723,0
DA:724,0
DA:725,0
DA:726,0
DA:729,0
DA:731,0
DA:732,0
DA:737,0
DA:738,0
DA:739,0
DA:740,0
DA:741,0
DA:746,0
DA:755,0
DA:756,0
DA:757,0
DA:758,0
DA:759,0
DA:765,0
DA:766,0
DA:770,0
LF:336
LH:0
end_of_record
SF:lib\domain\requests\save_product_request.dart
DA:22,2
DA:35,0
LF:2
LH:1
end_of_record
SF:lib\presentation\utils\food_category_ui.dart
DA:11,1
DA:13,1
DA:15,1
DA:17,1
DA:19,1
DA:21,1
DA:23,1
DA:25,1
DA:27,1
DA:29,1
DA:31,1
DA:33,0
DA:35,0
DA:44,0
DA:46,0
DA:48,0
DA:50,0
DA:52,0
DA:54,0
DA:56,0
DA:58,0
DA:60,0
DA:62,0
DA:64,0
DA:66,0
DA:68,0
LF:26
LH:11
end_of_record
SF:lib\presentation\screens\admin_dashboard_screen.dart
DA:19,3
DA:21,0
DA:23,0
DA:25,0
DA:26,0
DA:33,3
DA:35,0
DA:37,0
DA:38,0
DA:40,0
DA:42,0
DA:64,3
DA:66,0
DA:67,0
DA:71,0
DA:73,0
DA:74,0
DA:75,0
DA:79,0
DA:81,0
DA:82,0
DA:84,0
DA:88,0
DA:89,0
DA:90,0
DA:92,0
DA:94,0
DA:102,0
DA:103,0
DA:113,0
DA:114,0
DA:115,0
DA:117,0
DA:118,0
DA:122,0
DA:126,0
DA:127,0
DA:129,0
DA:131,0
DA:133,0
DA:135,0
DA:138,0
DA:142,0
DA:146,0
DA:148,0
DA:152,0
DA:154,0
DA:156,0
DA:160,0
DA:164,0
DA:168,0
DA:172,0
DA:174,0
DA:175,0
DA:176,0
DA:177,0
DA:180,0
DA:184,0
DA:188,0
DA:190,0
DA:197,0
DA:198,0
DA:200,0
DA:202,0
DA:203,0
DA:208,0
DA:217,0
DA:224,0
DA:226,0
DA:228,0
DA:229,0
DA:230,0
DA:231,0
DA:233,0
DA:236,0
DA:237,0
DA:239,0
DA:240,0
DA:249,0
DA:256,0
DA:258,0
LF:81
LH:3
end_of_record
SF:lib\presentation\screens\analytics_screen.dart
DA:27,3
DA:29,0
DA:30,0
DA:34,0
DA:36,0
DA:37,0
DA:39,0
DA:40,0
DA:41,0
DA:42,0
DA:43,0
DA:44,0
DA:45,0
DA:46,0
DA:47,0
DA:53,0
DA:54,0
DA:55,0
DA:56,0
DA:57,0
DA:65,0
DA:70,0
DA:73,0
DA:77,0
DA:80,0
DA:85,0
DA:88,0
DA:92,0
DA:105,0
DA:131,0
DA:141,0
DA:142,0
DA:151,0
DA:152,0
DA:154,0
DA:155,0
DA:157,0
DA:159,0
DA:160,0
DA:163,0
DA:164,0
DA:166,0
DA:169,0
DA:177,0
DA:178,0
DA:179,0
DA:180,0
DA:181,0
DA:182,0
DA:183,0
DA:184,0
DA:189,0
DA:190,0
DA:192,0
DA:193,0
DA:194,0
DA:200,0
DA:201,0
DA:203,0
DA:205,0
DA:206,0
DA:211,0
DA:217,0
DA:218,0
DA:220,0
DA:222,0
DA:223,0
DA:232,0
DA:233,0
DA:246,0
DA:249,0
DA:250,0
DA:251,0
DA:252,0
DA:254,0
DA:255,0
DA:259,0
DA:260,0
DA:261,0
DA:262,0
DA:266,0
DA:273,0
DA:274,0
DA:275,0
DA:278,0
DA:285,0
DA:287,0
DA:289,0
DA:290,0
DA:291,0
DA:292,0
DA:294,0
DA:297,0
DA:298,0
DA:300,0
DA:301,0
DA:310,0
DA:318,0
DA:331,0
DA:332,0
DA:333,0
DA:335,0
DA:337,0
LF:103
LH:1
end_of_record
SF:lib\presentation\widgets\analytics\waste_vs_consumed_bar_chart.dart
DA:15,3
DA:20,0
DA:22,0
DA:23,0
DA:25,0
DA:27,0
DA:29,0
DA:31,0
DA:42,0
DA:43,0
DA:47,0
DA:49,0
DA:51,0
DA:70,0
DA:72,0
DA:74,0
DA:75,0
DA:76,0
DA:79,0
DA:81,0
DA:82,0
DA:85,0
DA:86,0
DA:87,0
DA:88,0
DA:89,0
DA:90,0
DA:91,0
DA:97,0
DA:104,0
DA:105,0
DA:108,0
DA:109,0
DA:110,0
DA:115,0
DA:116,0
DA:119,0
DA:120,0
DA:121,0
DA:124,0
DA:125,0
DA:127,0
DA:128,0
DA:137,0
DA:139,0
DA:140,0
DA:141,0
DA:143,0
DA:144,0
DA:145,0
DA:148,0
DA:150,0
DA:151,0
DA:154,0
LF:54
LH:1
end_of_record
SF:lib\presentation\widgets\analytics\waste_category_pie_chart.dart
DA:14,3
DA:16,0
DA:18,0
DA:21,0
DA:22,0
DA:23,0
DA:24,0
DA:25,0
DA:27,0
DA:29,0
DA:31,0
DA:33,0
DA:44,0
DA:45,0
DA:49,0
DA:50,0
DA:52,0
DA:53,0
DA:56,0
DA:57,0
DA:58,0
DA:59,0
DA:60,0
DA:63,0
DA:75,0
DA:76,0
DA:77,0
DA:78,0
LF:28
LH:1
end_of_record
SF:lib\presentation\utils\currency_format.dart
DA:14,0
DA:19,0
LF:2
LH:0
end_of_record
SF:lib\presentation\screens\assistant_screen.dart
DA:19,0
DA:28,3
DA:30,0
DA:31,0
DA:41,0
DA:43,0
DA:44,0
DA:45,0
DA:48,0
DA:49,0
DA:50,0
DA:53,0
DA:55,0
DA:56,0
DA:57,0
DA:58,0
DA:61,0
DA:62,0
DA:63,0
DA:64,0
DA:65,0
DA:66,0
DA:67,0
DA:70,0
DA:71,0
DA:72,0
DA:73,0
DA:79,0
DA:81,0
DA:83,0
DA:84,0
DA:86,0
DA:87,0
DA:90,0
DA:92,0
DA:96,0
DA:97,0
DA:98,0
DA:99,0
DA:100,0
DA:101,0
DA:102,0
DA:103,0
DA:104,0
DA:110,0
DA:111,0
DA:112,0
DA:113,0
DA:115,0
DA:119,0
DA:120,0
DA:121,0
DA:130,0
DA:131,0
DA:132,0
DA:139,0
DA:145,0
DA:147,0
DA:148,0
DA:150,0
DA:151,0
DA:152,0
DA:160,0
DA:161,0
DA:162,0
DA:164,0
DA:169,0
DA:170,0
DA:171,0
DA:173,0
DA:174,0
DA:176,0
DA:178,0
DA:187,0
DA:188,0
DA:189,0
DA:191,0
DA:193,0
DA:194,0
DA:196,0
DA:199,0
DA:201,0
DA:203,0
DA:207,0
DA:208,0
DA:209,0
DA:210,0
DA:211,0
DA:221,0
DA:222,0
DA:223,0
DA:232,0
DA:233,0
DA:234,0
DA:236,0
DA:237,0
DA:238,0
DA:241,0
DA:244,0
DA:245,0
DA:246,0
DA:249,0
DA:258,0
DA:259,0
DA:260,0
DA:261,0
DA:262,0
DA:263,0
DA:266,0
DA:267,0
DA:268,0
DA:269,0
DA:271,0
DA:277,0
DA:278,0
DA:280,0
DA:281,0
DA:282,0
DA:284,0
DA:294,0
DA:295,0
DA:296,0
DA:298,0
DA:299,0
DA:300,0
DA:303,0
DA:304,0
DA:309,0
DA:311,0
DA:312,0
DA:313,0
DA:315,0
DA:316,0
DA:317,0
DA:318,0
DA:321,0
DA:324,0
DA:326,0
DA:327,0
DA:330,0
DA:333,0
DA:334,0
DA:337,0
DA:339,0
DA:340,0
DA:346,0
DA:347,0
DA:348,0
DA:350,0
DA:356,0
DA:357,0
DA:358,0
DA:360,0
DA:362,0
DA:363,0
DA:366,0
DA:368,0
DA:379,0
DA:380,0
DA:381,0
DA:383,0
DA:384,0
DA:385,0
DA:386,0
DA:387,0
DA:394,0
DA:401,0
DA:402,0
LF:168
LH:1
end_of_record
SF:lib\presentation\screens\category_picker_screen.dart
DA:12,3
DA:14,0
DA:16,0
DA:17,0
DA:18,0
DA:26,0
DA:27,0
DA:28,0
DA:29,0
DA:31,0
DA:43,0
DA:45,0
DA:47,0
DA:48,0
DA:49,0
DA:50,0
DA:51,0
DA:52,0
DA:53,0
DA:54,0
DA:56,0
DA:58,0
DA:59,0
DA:61,0
DA:62,0
LF:25
LH:1
end_of_record
SF:lib\presentation\screens\contact_screen.dart
DA:9,3
DA:11,0
DA:13,0
DA:15,0
DA:17,0
DA:18,0
DA:23,0
DA:27,0
DA:29,0
DA:30,0
DA:36,0
DA:38,0
DA:40,0
DA:42,0
DA:47,0
DA:48,0
DA:51,0
DA:56,0
DA:57,0
LF:19
LH:1
end_of_record
SF:lib\presentation\screens\household_screen.dart
DA:24,3
DA:26,0
DA:27,0
DA:35,0
DA:37,0
DA:38,0
DA:41,0
DA:42,0
DA:43,0
DA:44,0
DA:45,0
DA:51,0
DA:52,0
DA:55,0
DA:56,0
DA:57,0
DA:60,0
DA:61,0
DA:63,0
DA:64,0
DA:66,0
DA:68,0
DA:72,0
DA:73,0
DA:74,0
DA:75,0
DA:77,0
DA:78,0
DA:79,0
DA:80,0
DA:83,0
DA:84,0
DA:85,0
DA:89,0
DA:92,0
DA:93,0
DA:95,0
DA:99,0
DA:100,0
DA:101,0
DA:102,0
DA:108,0
DA:109,0
DA:110,0
DA:113,0
DA:114,0
DA:115,0
DA:119,0
DA:122,0
DA:123,0
DA:125,0
DA:129,0
DA:130,0
DA:131,0
DA:132,0
DA:136,0
DA:137,0
DA:139,0
DA:140,0
DA:141,0
DA:143,0
DA:144,0
DA:147,0
DA:151,0
DA:153,0
DA:154,0
DA:156,0
DA:157,0
DA:158,0
DA:160,0
DA:162,0
DA:163,0
DA:164,0
DA:166,0
DA:167,0
DA:169,0
DA:171,0
DA:172,0
DA:178,0
DA:184,0
DA:185,0
DA:186,0
DA:187,0
DA:194,0
DA:205,0
DA:206,0
DA:207,0
DA:214,0
DA:215,0
DA:217,0
DA:218,0
DA:219,0
DA:222,0
DA:223,0
DA:224,0
DA:232,0
DA:233,0
DA:234,0
DA:241,0
DA:243,0
DA:244,0
DA:245,0
DA:246,0
DA:254,0
DA:259,0
DA:260,0
DA:262,0
DA:266,0
DA:268,0
DA:269,0
DA:270,0
DA:271,0
DA:273,0
DA:278,0
DA:281,0
DA:287,0
DA:288,0
DA:290,0
DA:292,0
DA:294,0
DA:296,0
DA:302,0
DA:305,0
DA:306,0
DA:312,0
DA:313,0
DA:314,0
DA:315,0
DA:317,0
DA:318,0
DA:319,0
DA:320,0
DA:321,0
DA:324,0
DA:325,0
DA:327,0
DA:338,0
DA:341,0
DA:346,0
DA:348,0
DA:349,0
DA:350,0
DA:357,0
DA:358,0
DA:360,0
DA:370,0
DA:371,0
DA:374,0
DA:380,0
DA:381,0
DA:382,0
DA:383,0
DA:384,0
DA:385,0
DA:386,0
DA:392,0
DA:393,0
DA:402,0
DA:403,0
DA:404,0
DA:414,0
DA:415,0
DA:416,0
DA:417,0
DA:418,0
DA:419,0
DA:420,0
DA:423,0
DA:425,0
DA:426,0
DA:427,0
DA:428,0
DA:429,0
DA:435,0
DA:436,0
DA:437,0
DA:438,0
DA:439,0
DA:440,0
DA:441,0
DA:442,0
DA:443,0
DA:444,0
DA:447,0
DA:448,0
DA:450,0
DA:462,0
DA:464,0
DA:465,0
DA:466,0
DA:467,0
DA:470,0
DA:480,0
DA:484,0
DA:486,0
DA:487,0
DA:488,0
DA:490,0
DA:491,0
DA:494,0
DA:515,0
DA:516,0
DA:517,0
DA:518,0
DA:519,0
LF:205
LH:1
end_of_record
SF:lib\presentation\providers\household_provider.dart
DA:50,2
DA:51,1
DA:56,1
DA:61,2
DA:62,0
DA:63,0
DA:95,0
DA:96,0
DA:97,0
DA:98,0
DA:99,0
DA:103,0
DA:111,1
DA:112,2
DA:113,1
DA:115,2
DA:116,2
DA:117,1
DA:118,1
DA:119,1
DA:120,1
DA:121,1
DA:122,1
DA:125,0
DA:126,0
DA:130,1
DA:131,1
DA:135,3
DA:137,4
DA:138,1
DA:139,0
DA:140,0
DA:141,0
DA:142,0
DA:147,1
DA:148,1
DA:149,1
DA:151,0
DA:152,0
DA:153,0
DA:157,1
DA:158,2
DA:159,1
DA:160,1
DA:163,0
DA:164,0
DA:169,0
DA:173,4
DA:174,1
DA:175,1
DA:176,1
DA:177,1
DA:185,1
DA:186,1
DA:187,0
DA:190,0
DA:191,0
DA:192,0
DA:193,0
DA:198,0
DA:199,0
DA:200,0
DA:201,0
DA:203,0
DA:204,0
DA:206,0
DA:207,0
DA:209,0
DA:215,0
DA:216,0
DA:220,0
DA:221,0
DA:222,0
DA:226,0
DA:229,0
DA:232,0
DA:233,0
DA:234,0
DA:239,0
DA:240,0
DA:244,0
DA:245,0
DA:246,0
DA:248,0
DA:250,0
DA:251,0
DA:252,0
DA:259,0
DA:260,0
DA:265,0
DA:267,0
DA:268,0
DA:276,1
DA:277,1
DA:278,1
DA:284,2
DA:290,2
DA:291,1
DA:301,1
DA:302,1
DA:303,1
DA:309,2
DA:311,2
DA:312,1
DA:317,1
DA:319,3
DA:320,3
DA:321,3
DA:322,1
LF:109
LH:51
end_of_record
SF:lib\presentation\widgets\common\glass_dialog.dart
DA:17,0
DA:23,0
DA:26,0
DA:27,0
DA:29,0
DA:30,0
DA:37,0
DA:39,0
DA:40,0
DA:42,0
DA:44,0
DA:47,0
DA:48,0
DA:50,0
DA:51,0
DA:53,0
DA:58,0
DA:70,0
DA:71,0
DA:72,0
DA:75,0
DA:76,0
DA:77,0
DA:78,0
DA:79,0
DA:81,0
DA:83,0
DA:84,0
LF:28
LH:0
end_of_record
SF:lib\presentation\screens\inicio_screen.dart
DA:25,3
DA:27,1
DA:28,1
DA:32,1
DA:34,1
DA:36,3
DA:37,3
DA:41,0
DA:42,0
DA:44,0
DA:45,0
DA:46,0
DA:47,0
DA:48,0
DA:51,0
DA:57,0
DA:58,0
DA:59,0
DA:60,0
DA:61,0
DA:65,0
DA:67,0
DA:68,0
DA:69,0
DA:71,0
DA:72,0
DA:82,0
DA:83,0
DA:84,0
DA:85,0
DA:87,0
DA:88,0
DA:98,0
DA:99,0
DA:100,0
DA:101,0
DA:103,0
DA:105,0
DA:112,1
DA:115,1
DA:116,1
DA:117,2
DA:119,1
DA:120,1
DA:121,1
DA:122,1
DA:124,1
DA:125,1
DA:127,1
DA:128,1
DA:131,1
DA:132,1
DA:133,3
DA:137,1
DA:139,1
DA:140,1
DA:142,1
DA:143,1
DA:152,1
DA:155,0
DA:157,1
DA:159,3
DA:163,2
DA:164,0
DA:165,0
DA:166,0
DA:167,0
DA:173,2
DA:174,0
DA:176,0
DA:180,0
DA:181,0
DA:183,0
DA:185,0
DA:186,0
DA:193,1
DA:196,0
DA:197,0
DA:198,0
DA:200,0
DA:201,0
DA:207,1
DA:210,0
DA:211,0
DA:212,0
DA:214,0
DA:215,0
DA:221,1
DA:224,0
DA:225,0
DA:226,0
DA:228,0
DA:229,0
DA:235,1
DA:238,0
DA:239,0
DA:240,0
DA:242,0
DA:243,0
DA:249,1
DA:252,0
DA:253,0
DA:254,0
DA:256,0
DA:257,0
DA:263,1
DA:266,0
DA:267,0
DA:268,0
DA:270,0
DA:271,0
DA:277,1
DA:280,0
DA:281,0
DA:282,0
DA:284,0
DA:285,0
DA:291,1
DA:294,0
DA:295,0
DA:296,0
DA:298,0
DA:299,0
DA:307,3
DA:308,0
DA:311,0
DA:312,0
DA:313,0
DA:315,0
DA:316,0
DA:322,1
DA:323,1
DA:326,1
DA:332,1
DA:334,1
DA:335,1
DA:339,1
DA:341,1
DA:342,1
DA:348,1
DA:351,3
DA:352,1
DA:355,1
DA:359,3
DA:360,1
DA:361,1
DA:363,2
DA:372,1
DA:373,1
DA:374,1
DA:382,3
DA:384,1
DA:391,1
DA:393,1
DA:395,1
DA:397,1
LF:156
LH:67
end_of_record
SF:lib\presentation\screens\productos_screen.dart
DA:30,1
DA:32,1
DA:33,1
DA:42,0
DA:43,0
DA:44,0
DA:46,0
DA:50,0
DA:51,0
DA:52,0
DA:53,0
DA:57,0
DA:59,0
DA:62,0
DA:69,0
DA:72,0
DA:73,0
DA:75,0
DA:76,0
DA:77,0
DA:78,0
DA:79,0
DA:82,0
DA:83,0
DA:84,0
DA:85,0
DA:89,0
DA:90,0
DA:91,0
DA:92,0
DA:93,0
DA:94,0
DA:102,0
DA:108,0
DA:109,0
DA:110,0
DA:111,0
DA:112,0
DA:121,0
DA:123,0
DA:124,0
DA:125,0
DA:128,0
DA:130,0
DA:131,0
DA:132,0
DA:135,0
DA:137,0
DA:138,0
DA:139,0
DA:154,1
DA:158,2
DA:159,3
DA:160,3
DA:163,1
DA:164,0
DA:165,0
DA:167,1
DA:170,1
DA:172,1
DA:173,1
DA:174,0
DA:176,0
DA:178,0
DA:179,0
DA:181,1
DA:182,0
DA:183,0
DA:184,0
DA:185,0
DA:187,1
DA:188,0
DA:189,0
DA:190,0
DA:191,0
DA:193,1
DA:200,1
DA:201,1
DA:203,0
DA:205,0
DA:208,1
DA:209,3
DA:211,1
DA:216,1
DA:217,1
DA:218,1
DA:220,1
DA:221,1
DA:223,1
DA:224,1
DA:226,1
DA:230,1
DA:231,1
DA:232,1
DA:234,1
DA:240,0
DA:243,1
DA:245,1
DA:251,1
DA:253,1
DA:258,1
DA:260,2
DA:262,1
DA:264,1
DA:274,1
DA:275,2
DA:276,1
DA:283,1
DA:284,0
DA:285,0
DA:292,2
DA:294,1
DA:297,1
DA:305,1
DA:306,1
DA:309,0
DA:310,0
DA:311,0
DA:312,0
DA:316,0
DA:318,1
DA:320,1
DA:321,1
DA:322,1
DA:323,1
DA:324,2
DA:325,3
DA:330,1
DA:331,1
DA:332,1
DA:333,1
DA:339,1
DA:341,1
DA:342,1
DA:343,3
DA:344,1
DA:346,1
DA:349,1
DA:350,1
DA:354,1
DA:355,2
DA:356,1
DA:357,1
DA:362,1
DA:364,0
DA:366,0
DA:368,0
DA:370,0
DA:377,1
DA:381,1
DA:383,2
DA:385,0
DA:386,0
DA:390,0
DA:392,0
DA:396,1
DA:399,1
DA:401,1
DA:402,1
DA:404,1
DA:406,1
DA:408,2
DA:410,0
DA:411,0
DA:412,0
DA:414,0
DA:418,1
DA:419,2
DA:420,0
DA:421,0
DA:422,0
DA:425,1
DA:426,2
DA:427,0
DA:428,0
DA:429,0
DA:444,1
DA:448,1
DA:451,0
DA:452,0
DA:455,0
DA:458,0
DA:459,0
DA:460,0
DA:462,0
DA:464,0
DA:465,0
DA:466,0
DA:472,0
DA:473,0
DA:474,0
DA:476,0
DA:483,0
DA:485,0
DA:492,1
DA:493,1
DA:507,0
DA:508,0
DA:511,0
DA:517,0
DA:518,0
DA:520,0
DA:521,0
DA:523,0
DA:527,0
DA:528,0
DA:529,0
DA:532,0
DA:533,0
DA:534,0
DA:535,0
DA:537,0
DA:539,0
DA:542,0
DA:543,0
DA:544,0
DA:545,0
DA:546,0
DA:551,0
DA:553,0
DA:564,0
DA:569,0
DA:573,0
DA:577,0
DA:578,0
DA:579,0
DA:580,0
DA:581,0
DA:582,0
DA:583,0
DA:591,0
DA:601,0
DA:602,0
DA:617,1
DA:622,1
DA:623,1
DA:631,1
DA:633,1
DA:634,2
DA:638,2
DA:639,1
DA:642,5
DA:643,2
DA:644,3
DA:648,1
DA:650,2
DA:651,1
DA:654,1
DA:656,1
DA:657,1
DA:658,1
DA:659,1
DA:662,2
DA:663,2
LF:254
LH:112
end_of_record
SF:lib\presentation\widgets\button_plus.dart
DA:15,1
DA:21,1
DA:22,1
DA:28,0
DA:29,0
DA:30,0
DA:33,1
DA:35,1
DA:38,1
DA:40,1
DA:41,1
DA:44,1
DA:45,1
DA:47,1
DA:49,0
DA:50,0
DA:51,0
DA:54,1
DA:69,1
DA:70,1
DA:73,1
DA:74,1
DA:76,1
DA:78,0
DA:79,0
DA:80,0
DA:83,1
DA:98,1
DA:99,1
DA:100,1
DA:102,1
DA:108,1
LF:32
LH:23
end_of_record
SF:lib\presentation\screens\login_screen.dart
DA:9,3
DA:11,1
DA:12,1
DA:28,1
DA:29,1
DA:30,1
DA:31,1
DA:32,3
DA:35,1
DA:36,1
DA:37,1
DA:38,1
DA:39,1
DA:46,1
DA:47,2
DA:49,1
DA:50,0
DA:51,1
DA:52,2
DA:54,0
DA:59,1
DA:60,2
DA:61,3
DA:62,2
DA:74,2
DA:75,1
DA:79,4
DA:80,1
DA:85,1
DA:86,1
DA:87,2
DA:89,0
DA:90,0
DA:94,1
DA:98,2
DA:103,1
DA:104,4
DA:105,1
DA:110,3
DA:111,3
DA:113,1
DA:114,0
DA:115,0
DA:117,0
DA:121,1
DA:123,2
DA:124,3
DA:125,1
DA:126,1
DA:127,1
DA:128,1
DA:130,1
DA:132,1
DA:140,0
DA:141,0
DA:142,0
DA:148,1
DA:153,1
DA:156,1
DA:159,1
DA:160,1
DA:161,4
DA:162,1
DA:168,1
DA:171,1
DA:172,1
DA:174,1
DA:177,1
DA:178,1
DA:181,1
DA:185,1
DA:188,1
DA:189,1
DA:190,1
DA:191,1
DA:192,2
DA:193,2
DA:194,2
DA:195,1
DA:196,1
DA:198,2
DA:199,1
DA:200,1
DA:205,1
DA:208,1
DA:209,1
DA:210,1
DA:214,0
DA:215,0
DA:216,0
DA:220,1
DA:221,1
DA:224,1
DA:228,1
DA:231,1
DA:233,1
DA:234,1
DA:237,4
DA:238,1
DA:239,1
DA:240,1
DA:241,1
DA:243,1
DA:244,1
DA:245,1
DA:249,2
DA:252,1
DA:256,1
DA:259,1
DA:260,1
DA:262,1
DA:263,1
DA:264,1
DA:266,2
DA:271,1
DA:279,1
DA:280,1
DA:281,2
DA:284,1
DA:287,1
DA:288,1
DA:289,2
DA:290,2
DA:291,2
DA:297,2
DA:300,1
DA:301,1
DA:304,2
DA:308,1
DA:315,1
DA:318,1
DA:319,1
DA:326,1
DA:327,1
LF:134
LH:121
end_of_record
SF:lib\presentation\screens\shopping_list_screen.dart
DA:40,3
DA:42,0
DA:43,0
DA:49,0
DA:51,0
DA:52,0
DA:53,0
DA:57,0
DA:59,0
DA:60,0
DA:63,0
DA:64,0
DA:66,0
DA:67,0
DA:68,0
DA:69,0
DA:76,0
DA:77,0
DA:78,0
DA:81,0
DA:82,0
DA:83,0
DA:84,0
DA:85,0
DA:87,0
DA:88,0
DA:90,0
DA:91,0
DA:92,0
DA:95,0
DA:96,0
DA:97,0
DA:101,0
DA:102,0
DA:106,0
DA:113,0
DA:114,0
DA:116,0
DA:117,0
DA:119,0
DA:124,0
DA:126,0
DA:128,0
DA:129,0
DA:137,0
DA:138,0
DA:139,0
DA:144,0
DA:145,0
DA:146,0
DA:149,0
DA:158,0
DA:160,0
DA:161,0
DA:163,0
DA:164,0
DA:167,0
DA:169,0
DA:170,0
DA:181,0
DA:185,0
DA:186,0
DA:188,0
DA:193,0
DA:195,0
DA:196,0
DA:197,0
DA:198,0
DA:200,0
DA:202,0
DA:207,0
DA:209,0
DA:212,0
DA:215,0
DA:216,0
DA:220,0
DA:221,0
DA:222,0
DA:226,0
DA:227,0
DA:228,0
DA:230,0
DA:231,0
DA:232,0
DA:233,0
DA:234,0
DA:235,0
DA:238,0
DA:239,0
DA:240,0
DA:244,0
DA:246,0
DA:247,0
DA:249,0
DA:250,0
DA:251,0
DA:264,0
DA:268,0
DA:269,0
DA:270,0
DA:271,0
DA:273,0
DA:275,0
DA:276,0
DA:281,0
DA:282,0
DA:283,0
DA:288,0
DA:289,0
DA:291,0
DA:292,0
DA:293,0
DA:294,0
DA:300,0
DA:302,0
DA:303,0
DA:304,0
DA:314,0
DA:316,0
DA:317,0
DA:318,0
DA:320,0
DA:321,0
DA:328,0
DA:334,0
DA:335,0
DA:336,0
DA:337,0
DA:338,0
DA:339,0
DA:351,0
DA:356,0
DA:361,0
DA:362,0
DA:372,0
DA:374,0
DA:375,0
DA:376,0
DA:377,0
DA:380,0
DA:381,0
DA:382,0
DA:384,0
DA:385,0
DA:392,0
DA:394,0
DA:396,0
DA:397,0
DA:399,0
DA:402,0
DA:405,0
DA:406,0
DA:407,0
DA:409,0
DA:410,0
DA:412,0
DA:429,0
DA:431,0
DA:432,0
DA:438,0
DA:440,0
DA:441,0
DA:442,0
DA:443,0
DA:446,0
DA:448,0
LF:166
LH:1
end_of_record
SF:lib\presentation\screens\settings_screen.dart
DA:40,3
DA:42,0
DA:43,0
DA:64,0
DA:66,0
DA:67,0
DA:68,0
DA:71,0
DA:72,0
DA:74,0
DA:75,0
DA:77,0
DA:78,0
DA:79,0
DA:80,0
DA:81,0
DA:82,0
DA:90,0
DA:91,0
DA:92,0
DA:93,0
DA:94,0
DA:97,0
DA:98,0
DA:99,0
DA:100,0
DA:101,0
DA:106,0
DA:110,0
DA:112,0
DA:115,0
DA:116,0
DA:117,0
DA:120,0
DA:127,0
DA:135,0
DA:136,0
DA:137,0
DA:139,0
DA:140,0
DA:141,0
DA:143,0
DA:144,0
DA:145,0
DA:152,0
DA:153,0
DA:154,0
DA:157,0
DA:158,0
DA:159,0
DA:160,0
DA:172,0
DA:173,0
DA:174,0
DA:175,0
DA:182,0
DA:183,0
DA:184,0
DA:187,0
DA:188,0
DA:195,0
DA:196,0
DA:197,0
DA:210,0
DA:211,0
DA:212,0
DA:219,0
DA:221,0
DA:225,0
DA:227,0
DA:229,0
DA:230,0
DA:233,0
DA:235,0
DA:245,0
DA:263,0
DA:264,0
DA:265,0
DA:266,0
DA:271,0
DA:274,0
DA:275,0
DA:277,0
DA:278,0
DA:279,0
DA:281,0
DA:282,0
DA:283,0
DA:291,0
DA:293,0
DA:294,0
DA:295,0
DA:298,0
DA:299,0
DA:307,0
DA:309,0
DA:311,0
DA:313,0
DA:314,0
DA:316,0
DA:317,0
DA:319,0
DA:321,0
DA:322,0
DA:324,0
DA:325,0
DA:326,0
DA:329,0
DA:331,0
DA:332,0
DA:333,0
DA:343,0
DA:345,0
DA:351,0
DA:358,0
DA:359,0
DA:360,0
DA:361,0
DA:367,0
DA:368,0
DA:369,0
DA:372,0
DA:373,0
DA:374,0
DA:379,0
DA:380,0
DA:384,0
DA:386,0
DA:388,0
DA:389,0
DA:390,0
DA:391,0
DA:394,0
DA:398,0
DA:399,0
DA:400,0
DA:411,0
DA:413,0
LF:138
LH:1
end_of_record
SF:lib\presentation\widgets\common\secondary_button.dart
DA:11,0
DA:26,0
DA:28,0
DA:30,0
DA:31,0
DA:32,0
DA:33,0
DA:34,0
DA:35,0
DA:36,0
DA:40,0
DA:41,0
DA:46,0
DA:58,0
DA:60,0
DA:61,0
DA:64,0
DA:67,0
DA:68,0
DA:70,0
DA:71,0
DA:73,0
LF:22
LH:0
end_of_record
SF:lib\presentation\widgets\analytics\analytics_chart_helpers.dart
DA:11,3
DA:13,0
DA:15,0
DA:18,0
DA:20,0
DA:22,0
DA:23,0
DA:26,0
DA:29,0
DA:32,0
DA:42,3
DA:44,0
DA:46,0
DA:48,0
DA:49,0
DA:50,0
LF:16
LH:2
end_of_record
SF:lib\domain\entities\category_waste_stats.dart
DA:18,0
DA:24,0
LF:2
LH:0
end_of_record
SF:lib\domain\usecases\household\create_household_usecase.dart
DA:11,1
DA:13,1
DA:18,2
DA:23,3
LF:4
LH:4
end_of_record
SF:lib\domain\usecases\household\join_household_usecase.dart
DA:11,1
DA:13,1
DA:18,2
DA:23,3
LF:4
LH:4
end_of_record
SF:lib\domain\usecases\household\remove_member_usecase.dart
DA:11,2
DA:13,2
DA:18,2
DA:21,4
DA:27,4
DA:32,4
DA:39,4
DA:40,2
DA:44,4
LF:9
LH:9
end_of_record
SF:lib\domain\entities\product_ranking_entry.dart
DA:8,0
LF:1
LH:0
end_of_record
SF:lib\config\theme\app_colors.dart
DA:9,0
LF:1
LH:0
end_of_record
SF:lib\domain\usecases\product\add_product_usecase.dart
DA:17,1
DA:23,1
DA:27,2
DA:34,3
DA:47,1
DA:48,1
DA:49,1
DA:50,3
DA:51,1
DA:52,1
DA:53,1
DA:54,1
DA:55,1
DA:56,1
DA:57,1
DA:59,2
DA:62,2
DA:64,1
DA:66,1
DA:67,1
DA:68,1
DA:69,1
DA:70,1
DA:71,1
DA:72,1
DA:73,1
DA:74,1
DA:80,2
DA:81,2
DA:82,1
DA:83,2
LF:31
LH:31
end_of_record
SF:lib\domain\usecases\product\consume_product_usecase.dart
DA:6,1
DA:14,1
LF:2
LH:2
end_of_record
SF:lib\domain\usecases\product\product_resolution_usecase.dart
DA:26,2
DA:36,6
DA:43,2
DA:48,4
DA:49,6
DA:52,2
DA:53,4
DA:54,6
DA:55,10
DA:58,2
DA:63,2
DA:65,4
DA:67,2
DA:68,2
DA:69,2
DA:70,2
DA:71,2
DA:72,2
DA:74,2
DA:78,1
DA:79,1
DA:85,2
DA:86,2
DA:88,4
DA:91,2
DA:94,1
DA:95,1
LF:27
LH:27
end_of_record
SF:lib\domain\usecases\product\decrement_product_quantity_usecase.dart
DA:13,1
DA:20,1
DA:21,2
DA:23,1
DA:24,3
DA:25,2
DA:27,1
DA:28,2
LF:8
LH:8
end_of_record
SF:lib\domain\usecases\product\discard_product_usecase.dart
DA:6,1
DA:14,1
LF:2
LH:2
end_of_record
SF:lib\domain\usecases\product\update_product_usecase.dart
DA:15,1
DA:21,1
DA:26,2
DA:29,1
DA:31,1
DA:36,1
DA:38,1
DA:39,1
DA:40,1
DA:41,1
DA:42,1
DA:43,1
DA:44,1
DA:45,1
DA:46,1
DA:48,2
DA:50,2
DA:51,2
DA:52,1
DA:53,1
DA:54,2
LF:21
LH:21
end_of_record
SF:lib\presentation\utils\notification_service.dart
DA:15,0
DA:16,0
DA:21,0
DA:22,0
DA:23,0
DA:28,0
DA:29,0
DA:35,0
DA:36,0
DA:37,0
DA:38,0
DA:39,0
DA:43,0
DA:45,0
DA:47,0
DA:48,0
DA:50,0
DA:52,0
DA:53,0
DA:55,0
DA:56,0
DA:70,0
DA:80,0
DA:82,0
DA:83,0
DA:84,0
DA:86,0
DA:88,0
DA:90,0
DA:91,0
DA:92,0
DA:93,0
DA:95,0
DA:109,0
DA:119,0
DA:121,0
DA:123,0
DA:125,0
DA:126,0
DA:127,0
DA:128,0
DA:129,0
DA:142,0
DA:149,0
DA:151,0
DA:152,0
DA:153,0
DA:154,0
LF:48
LH:0
end_of_record
